<?xml version="1.0" encoding="UTF-8"?>
<testsuite xmlns:xsi="http://www.w3.org/2001/XMLSchema-instance" xsi:noNamespaceSchemaLocation="https://maven.apache.org/surefire/maven-surefire-plugin/xsd/surefire-test-report.xsd" name="com.ypls.runner.YPLSRunner" time="191.565" tests="18" errors="0" skipped="0" failures="0">
  <properties>
[...]
</properties>
  <testcase name="Given the application URL" classname="Scenario: Adding and Managing the asset" time="0.006"/>
  <testcase name="When the user enters username and password" classname="Scenario: Adding and Managing the asset" time="0"/>
  <testcase name="And clicks Login Button" classname="Scenario: Adding and Managing the asset" time="0"/>
  <testcase name="And clicks LMS option" classname="Scenario: Adding and Managing the asset" time="0"/>
  <testcase name="And clicks Menu option" classname="Scenario: Adding and Managing the asset" time="0"/>
  <testcase name="And clicks Content Management" classname="Scenario: Adding and Managing the asset" time="0"/>
  <testcase name="And clicks Manage Asset Library" classname="Scenario: Adding and Managing the asset" time="0"/>
  <testcase name="And clicks Asset Link" classname="Scenario: Adding and Managing the asset" time="0"/>
  <testcase name="And clicks Add Folder" classname="Scenario: Adding and Managing the asset" time="0"/>
  <testcase name="And types in the folder name" classname="Scenario: Adding and Managing the asset" time="0"/>
  <testcase name="And clicks Save button" classname="Scenario: Adding and Managing the asset" time="0"/>
  <testcase name="And clicks Add Asset Button" classname="Scenario: Adding and Managing the asset" time="0"/>
  <testcase name="And types Asset Name" classname="Scenario: Adding and Managing the asset" time="0"/>
  <testcase name="And clicks PDF option" classname="Scenario: Adding and Managing the asset" time="0"/>
  <testcase name="And clicks BROWSE button" classname="Scenario: Adding and Managing the asset" time="0"/>
  <testcase name="And clicks SAVE button" classname="Scenario: Adding and Managing the asset" time="0"/>
  <testcase name="Then PDF asset gets created" classname="Scenario: Adding and Managing the asset" time="0"/>
  <testcase name="Scenario: Adding and Managing the asset" classname="Scenario: Adding and Managing the asset" time="0"/>
</testsuite>